mode: set
github.com/gistGitUser/course/project/api/account.go:24.52,26.48 2 1
github.com/gistGitUser/course/project/api/account.go:26.48,29.3 2 1
github.com/gistGitUser/course/project/api/account.go:31.2,32.16 2 1
github.com/gistGitUser/course/project/api/account.go:32.16,33.27 1 1
github.com/gistGitUser/course/project/api/account.go:33.27,36.4 2 1
github.com/gistGitUser/course/project/api/account.go:38.3,39.9 2 1
github.com/gistGitUser/course/project/api/account.go:42.2,42.34 1 1
github.com/gistGitUser/course/project/api/account.go:45.37,47.2 1 1
github.com/gistGitUser/course/project/api/account.go:49.55,51.49 2 0
github.com/gistGitUser/course/project/api/account.go:51.49,54.3 2 0
github.com/gistGitUser/course/project/api/account.go:56.2,63.16 3 0
github.com/gistGitUser/course/project/api/account.go:63.16,66.3 2 0
github.com/gistGitUser/course/project/api/account.go:68.2,68.34 1 0
github.com/gistGitUser/course/project/api/account.go:71.53,73.50 2 0
github.com/gistGitUser/course/project/api/account.go:73.50,76.3 2 0
github.com/gistGitUser/course/project/api/account.go:78.2,84.16 3 0
github.com/gistGitUser/course/project/api/account.go:84.16,87.3 2 0
github.com/gistGitUser/course/project/api/account.go:89.2,89.35 1 0
github.com/gistGitUser/course/project/api/server.go:13.40,23.2 7 1
github.com/gistGitUser/course/project/api/server.go:25.51,27.2 1 0
github.com/gistGitUser/course/project/sqlc/account.sql.go:24.104,35.2 4 1
github.com/gistGitUser/course/project/sqlc/account.sql.go:53.98,64.2 4 1
github.com/gistGitUser/course/project/sqlc/account.sql.go:70.70,73.2 2 1
github.com/gistGitUser/course/project/sqlc/account.sql.go:80.78,91.2 4 1
github.com/gistGitUser/course/project/sqlc/account.sql.go:99.87,110.2 4 0
github.com/gistGitUser/course/project/sqlc/account.sql.go:125.96,127.16 2 1
github.com/gistGitUser/course/project/sqlc/account.sql.go:127.16,129.3 1 0
github.com/gistGitUser/course/project/sqlc/account.sql.go:130.2,132.18 3 1
github.com/gistGitUser/course/project/sqlc/account.sql.go:132.18,140.17 2 1
github.com/gistGitUser/course/project/sqlc/account.sql.go:140.17,142.4 1 0
github.com/gistGitUser/course/project/sqlc/account.sql.go:143.3,143.27 1 1
github.com/gistGitUser/course/project/sqlc/account.sql.go:145.2,145.37 1 1
github.com/gistGitUser/course/project/sqlc/account.sql.go:145.37,147.3 1 0
github.com/gistGitUser/course/project/sqlc/account.sql.go:148.2,148.35 1 1
github.com/gistGitUser/course/project/sqlc/account.sql.go:148.35,150.3 1 0
github.com/gistGitUser/course/project/sqlc/account.sql.go:151.2,151.19 1 1
github.com/gistGitUser/course/project/sqlc/account.sql.go:165.96,176.2 4 1
github.com/gistGitUser/course/project/sqlc/db.go:20.28,22.2 1 1
github.com/gistGitUser/course/project/sqlc/db.go:24.62,27.90 3 0
github.com/gistGitUser/course/project/sqlc/db.go:27.90,29.3 1 0
github.com/gistGitUser/course/project/sqlc/db.go:30.2,30.84 1 0
github.com/gistGitUser/course/project/sqlc/db.go:30.84,32.3 1 0
github.com/gistGitUser/course/project/sqlc/db.go:33.2,33.78 1 0
github.com/gistGitUser/course/project/sqlc/db.go:33.78,35.3 1 0
github.com/gistGitUser/course/project/sqlc/db.go:36.2,36.84 1 0
github.com/gistGitUser/course/project/sqlc/db.go:36.84,38.3 1 0
github.com/gistGitUser/course/project/sqlc/db.go:39.2,39.82 1 0
github.com/gistGitUser/course/project/sqlc/db.go:39.82,41.3 1 0
github.com/gistGitUser/course/project/sqlc/db.go:42.2,42.76 1 0
github.com/gistGitUser/course/project/sqlc/db.go:42.76,44.3 1 0
github.com/gistGitUser/course/project/sqlc/db.go:45.2,45.94 1 0
github.com/gistGitUser/course/project/sqlc/db.go:45.94,47.3 1 0
github.com/gistGitUser/course/project/sqlc/db.go:48.2,48.72 1 0
github.com/gistGitUser/course/project/sqlc/db.go:48.72,50.3 1 0
github.com/gistGitUser/course/project/sqlc/db.go:51.2,51.78 1 0
github.com/gistGitUser/course/project/sqlc/db.go:51.78,53.3 1 0
github.com/gistGitUser/course/project/sqlc/db.go:54.2,54.80 1 0
github.com/gistGitUser/course/project/sqlc/db.go:54.80,56.3 1 0
github.com/gistGitUser/course/project/sqlc/db.go:57.2,57.78 1 0
github.com/gistGitUser/course/project/sqlc/db.go:57.78,59.3 1 0
github.com/gistGitUser/course/project/sqlc/db.go:60.2,60.82 1 0
github.com/gistGitUser/course/project/sqlc/db.go:60.82,62.3 1 0
github.com/gistGitUser/course/project/sqlc/db.go:63.2,63.82 1 0
github.com/gistGitUser/course/project/sqlc/db.go:63.82,65.3 1 0
github.com/gistGitUser/course/project/sqlc/db.go:66.2,66.16 1 0
github.com/gistGitUser/course/project/sqlc/db.go:69.33,71.36 2 0
github.com/gistGitUser/course/project/sqlc/db.go:71.36,72.59 1 0
github.com/gistGitUser/course/project/sqlc/db.go:72.59,74.4 1 0
github.com/gistGitUser/course/project/sqlc/db.go:76.2,76.33 1 0
github.com/gistGitUser/course/project/sqlc/db.go:76.33,77.56 1 0
github.com/gistGitUser/course/project/sqlc/db.go:77.56,79.4 1 0
github.com/gistGitUser/course/project/sqlc/db.go:81.2,81.30 1 0
github.com/gistGitUser/course/project/sqlc/db.go:81.30,82.53 1 0
github.com/gistGitUser/course/project/sqlc/db.go:82.53,84.4 1 0
github.com/gistGitUser/course/project/sqlc/db.go:86.2,86.33 1 0
github.com/gistGitUser/course/project/sqlc/db.go:86.33,87.56 1 0
github.com/gistGitUser/course/project/sqlc/db.go:87.56,89.4 1 0
github.com/gistGitUser/course/project/sqlc/db.go:91.2,91.32 1 0
github.com/gistGitUser/course/project/sqlc/db.go:91.32,92.55 1 0
github.com/gistGitUser/course/project/sqlc/db.go:92.55,94.4 1 0
github.com/gistGitUser/course/project/sqlc/db.go:96.2,96.29 1 0
github.com/gistGitUser/course/project/sqlc/db.go:96.29,97.52 1 0
github.com/gistGitUser/course/project/sqlc/db.go:97.52,99.4 1 0
github.com/gistGitUser/course/project/sqlc/db.go:101.2,101.38 1 0
github.com/gistGitUser/course/project/sqlc/db.go:101.38,102.61 1 0
github.com/gistGitUser/course/project/sqlc/db.go:102.61,104.4 1 0
github.com/gistGitUser/course/project/sqlc/db.go:106.2,106.27 1 0
github.com/gistGitUser/course/project/sqlc/db.go:106.27,107.50 1 0
github.com/gistGitUser/course/project/sqlc/db.go:107.50,109.4 1 0
github.com/gistGitUser/course/project/sqlc/db.go:111.2,111.30 1 0
github.com/gistGitUser/course/project/sqlc/db.go:111.30,112.53 1 0
github.com/gistGitUser/course/project/sqlc/db.go:112.53,114.4 1 0
github.com/gistGitUser/course/project/sqlc/db.go:116.2,116.31 1 0
github.com/gistGitUser/course/project/sqlc/db.go:116.31,117.54 1 0
github.com/gistGitUser/course/project/sqlc/db.go:117.54,119.4 1 0
github.com/gistGitUser/course/project/sqlc/db.go:121.2,121.30 1 0
github.com/gistGitUser/course/project/sqlc/db.go:121.30,122.53 1 0
github.com/gistGitUser/course/project/sqlc/db.go:122.53,124.4 1 0
github.com/gistGitUser/course/project/sqlc/db.go:126.2,126.32 1 0
github.com/gistGitUser/course/project/sqlc/db.go:126.32,127.55 1 0
github.com/gistGitUser/course/project/sqlc/db.go:127.55,129.4 1 0
github.com/gistGitUser/course/project/sqlc/db.go:131.2,131.32 1 0
github.com/gistGitUser/course/project/sqlc/db.go:131.32,132.55 1 0
github.com/gistGitUser/course/project/sqlc/db.go:132.55,134.4 1 0
github.com/gistGitUser/course/project/sqlc/db.go:136.2,136.12 1 0
github.com/gistGitUser/course/project/sqlc/db.go:139.116,140.9 1 1
github.com/gistGitUser/course/project/sqlc/db.go:141.34,142.63 1 0
github.com/gistGitUser/course/project/sqlc/db.go:143.19,144.40 1 0
github.com/gistGitUser/course/project/sqlc/db.go:145.10,146.47 1 1
github.com/gistGitUser/course/project/sqlc/db.go:150.116,151.9 1 1
github.com/gistGitUser/course/project/sqlc/db.go:152.34,153.64 1 0
github.com/gistGitUser/course/project/sqlc/db.go:154.19,155.41 1 0
github.com/gistGitUser/course/project/sqlc/db.go:156.10,157.48 1 1
github.com/gistGitUser/course/project/sqlc/db.go:161.109,162.9 1 1
github.com/gistGitUser/course/project/sqlc/db.go:163.34,164.67 1 0
github.com/gistGitUser/course/project/sqlc/db.go:165.19,166.44 1 0
github.com/gistGitUser/course/project/sqlc/db.go:167.10,168.51 1 1
github.com/gistGitUser/course/project/sqlc/db.go:190.47,208.2 1 0
github.com/gistGitUser/course/project/sqlc/entry.sql.go:26.90,36.2 4 1
github.com/gistGitUser/course/project/sqlc/entry.sql.go:43.74,53.2 4 1
github.com/gistGitUser/course/project/sqlc/entry.sql.go:69.92,71.16 2 1
github.com/gistGitUser/course/project/sqlc/entry.sql.go:71.16,73.3 1 0
github.com/gistGitUser/course/project/sqlc/entry.sql.go:74.2,76.18 3 1
github.com/gistGitUser/course/project/sqlc/entry.sql.go:76.18,83.17 2 1
github.com/gistGitUser/course/project/sqlc/entry.sql.go:83.17,85.4 1 0
github.com/gistGitUser/course/project/sqlc/entry.sql.go:86.3,86.27 1 1
github.com/gistGitUser/course/project/sqlc/entry.sql.go:88.2,88.37 1 1
github.com/gistGitUser/course/project/sqlc/entry.sql.go:88.37,90.3 1 0
github.com/gistGitUser/course/project/sqlc/entry.sql.go:91.2,91.35 1 1
github.com/gistGitUser/course/project/sqlc/entry.sql.go:91.35,93.3 1 0
github.com/gistGitUser/course/project/sqlc/entry.sql.go:94.2,94.19 1 1
github.com/gistGitUser/course/project/sqlc/store.go:20.33,25.2 1 1
github.com/gistGitUser/course/project/sqlc/store.go:27.91,29.16 2 1
github.com/gistGitUser/course/project/sqlc/store.go:29.16,31.3 1 0
github.com/gistGitUser/course/project/sqlc/store.go:33.2,36.16 3 1
github.com/gistGitUser/course/project/sqlc/store.go:36.16,37.43 1 0
github.com/gistGitUser/course/project/sqlc/store.go:37.43,39.4 1 0
github.com/gistGitUser/course/project/sqlc/store.go:40.3,40.13 1 0
github.com/gistGitUser/course/project/sqlc/store.go:43.2,43.20 1 1
github.com/gistGitUser/course/project/sqlc/store.go:60.104,63.50 2 1
github.com/gistGitUser/course/project/sqlc/store.go:63.50,71.17 3 1
github.com/gistGitUser/course/project/sqlc/store.go:71.17,73.4 1 0
github.com/gistGitUser/course/project/sqlc/store.go:75.3,79.17 2 1
github.com/gistGitUser/course/project/sqlc/store.go:79.17,81.4 1 0
github.com/gistGitUser/course/project/sqlc/store.go:83.3,87.17 2 1
github.com/gistGitUser/course/project/sqlc/store.go:87.17,89.4 1 0
github.com/gistGitUser/course/project/sqlc/store.go:91.3,93.13 2 1
github.com/gistGitUser/course/project/sqlc/store.go:97.2,97.20 1 1
github.com/gistGitUser/course/project/sqlc/store.go:100.121,102.41 2 1
github.com/gistGitUser/course/project/sqlc/store.go:102.41,108.17 2 1
github.com/gistGitUser/course/project/sqlc/store.go:108.17,110.4 1 0
github.com/gistGitUser/course/project/sqlc/store.go:112.3,117.17 2 1
github.com/gistGitUser/course/project/sqlc/store.go:117.17,119.4 1 0
github.com/gistGitUser/course/project/sqlc/store.go:121.8,127.17 2 1
github.com/gistGitUser/course/project/sqlc/store.go:127.17,129.4 1 0
github.com/gistGitUser/course/project/sqlc/store.go:131.3,136.17 2 1
github.com/gistGitUser/course/project/sqlc/store.go:136.17,138.4 1 0
github.com/gistGitUser/course/project/sqlc/store.go:141.2,141.20 1 1
github.com/gistGitUser/course/project/sqlc/transfer.sql.go:28.99,39.2 4 1
github.com/gistGitUser/course/project/sqlc/transfer.sql.go:46.80,57.2 4 1
github.com/gistGitUser/course/project/sqlc/transfer.sql.go:76.99,83.16 2 1
github.com/gistGitUser/course/project/sqlc/transfer.sql.go:83.16,85.3 1 0
github.com/gistGitUser/course/project/sqlc/transfer.sql.go:86.2,88.18 3 1
github.com/gistGitUser/course/project/sqlc/transfer.sql.go:88.18,96.17 2 1
github.com/gistGitUser/course/project/sqlc/transfer.sql.go:96.17,98.4 1 0
github.com/gistGitUser/course/project/sqlc/transfer.sql.go:99.3,99.27 1 1
github.com/gistGitUser/course/project/sqlc/transfer.sql.go:101.2,101.37 1 1
github.com/gistGitUser/course/project/sqlc/transfer.sql.go:101.37,103.3 1 0
github.com/gistGitUser/course/project/sqlc/transfer.sql.go:104.2,104.35 1 1
github.com/gistGitUser/course/project/sqlc/transfer.sql.go:104.35,106.3 1 0
github.com/gistGitUser/course/project/sqlc/transfer.sql.go:107.2,107.19 1 1
